<?xml version="1.0" encoding="UTF-8"?>
<testng-results ignored="0" total="1" passed="1" failed="0" skipped="0">
  <reporter-output>
  </reporter-output>
  <suite started-at="2022-09-15T08:21:36 COT" name="com.herokuapp.restfullbooker.HealthCheckTest" finished-at="2022-09-15T08:21:38 COT" duration-ms="1511">
    <groups>
    </groups>
    <test started-at="2022-09-15T08:21:36 COT" name="Command line test" finished-at="2022-09-15T08:21:38 COT" duration-ms="1511">
      <class name="com.herokuapp.restfullbooker.HealthCheckTest">
        <test-method signature="healthCheckTest()[pri:0, instance:com.herokuapp.restfullbooker.HealthCheckTest@120d6fe6]" started-at="2022-09-15T08:21:36 COT" name="healthCheckTest" finished-at="2022-09-15T08:21:38 COT" duration-ms="1486" status="PASS">
          <reporter-output>
          </reporter-output>
        </test-method> <!-- healthCheckTest -->
      </class> <!-- com.herokuapp.restfullbooker.HealthCheckTest -->
    </test> <!-- Command line test -->
  </suite> <!-- com.herokuapp.restfullbooker.HealthCheckTest -->
</testng-results>
